
> brightears@0.1.0 build
> prisma generate && node --max-old-space-size=1024 ./node_modules/.bin/next build

warn The configuration property `package.json#prisma` is deprecated and will be removed in Prisma 7. Please migrate to a Prisma config file (e.g., `prisma.config.ts`).
For more information, see: https://pris.ly/prisma-config

Environment variables loaded from .env
Prisma schema loaded from prisma/schema.prisma

✔ Generated Prisma Client (v6.13.0) to ./node_modules/@prisma/client in 85ms

Start by importing your Prisma Client (See: https://pris.ly/d/importing-client)

Tip: Want to turn off tips and other hints? https://pris.ly/tip-4-nohints

   ▲ Next.js 15.4.6
   - Environments: .env.local, .env
   - Experiments (use with caution):
     · serverActions
     ✓ webpackBuildWorker

   Creating an optimized production build ...
 ✓ Compiled successfully in 4.0s
   Linting and checking validity of types ...
   Collecting page data ...
   Generating static pages (0/136) ...
Error fetching current user: Error: Dynamic server usage: Route /[locale]/dashboard/corporate/bookings couldn't be rendered statically because it used `headers`. See more info here: https://nextjs.org/docs/messages/dynamic-server-error
    at r (.next/server/chunks/2073.js:19:11054)
    at m (.next/server/chunks/4999.js:1:4347)
    at f (.next/server/chunks/8261.js:11:6404)
    at async y (.next/server/chunks/8261.js:11:2933)
    at async f (.next/server/app/[locale]/dashboard/customer/bookings/page.js:1:52659)
    at async g (.next/server/app/[locale]/dashboard/corporate/bookings/page.js:1:285) {
  description: "Route /[locale]/dashboard/corporate/bookings couldn't be rendered statically because it used `headers`. See more info here: https://nextjs.org/docs/messages/dynamic-server-error",
  digest: 'DYNAMIC_SERVER_USAGE'
}
   Generating static pages (34/136) 
Error fetching current user: Error: Dynamic server usage: Route /[locale]/favorites couldn't be rendered statically because it used `headers`. See more info here: https://nextjs.org/docs/messages/dynamic-server-error
    at r (.next/server/chunks/2073.js:19:11054)
    at m (.next/server/chunks/4999.js:1:4347)
    at f (.next/server/chunks/8261.js:11:6404)
    at async y (.next/server/chunks/8261.js:11:2933)
    at async f (.next/server/app/[locale]/dashboard/admin/page.js:2:8943)
    at async k (.next/server/app/[locale]/favorites/page.js:2:7704) {
  description: "Route /[locale]/favorites couldn't be rendered statically because it used `headers`. See more info here: https://nextjs.org/docs/messages/dynamic-server-error",
  digest: 'DYNAMIC_SERVER_USAGE'
}
Error: MISSING_MESSAGE: favorites (th)
    at <unknown> (.next/server/chunks/8280.js:1:42595)
    at aB (.next/server/chunks/8280.js:1:42647)
    at <unknown> (.next/server/chunks/8280.js:1:132258)
    at <unknown> (.next/server/chunks/8280.js:1:132290)
    at <unknown> (.next/server/chunks/8280.js:1:132397)
    at <unknown> (.next/server/chunks/8280.js:1:71383)
    at async Module.j (.next/server/app/[locale]/favorites/page.js:2:7530) {
  code: 'MISSING_MESSAGE',
  originalMessage: 'favorites (th)'
}
Error: MISSING_MESSAGE: howItWorksArtists (en)
    at <unknown> (.next/server/chunks/8280.js:1:42595)
    at aB (.next/server/chunks/8280.js:1:42647)
    at <unknown> (.next/server/chunks/8280.js:1:132258)
    at <unknown> (.next/server/chunks/8280.js:1:132290)
    at <unknown> (.next/server/chunks/8280.js:1:132397)
    at <unknown> (.next/server/chunks/8280.js:1:71383)
    at async Module.g (.next/server/app/[locale]/how-it-works-artists/page.js:27:8424) {
  code: 'MISSING_MESSAGE',
  originalMessage: 'howItWorksArtists (en)'
}
Error: MISSING_MESSAGE: auth.forgotPassword (en)
    at <unknown> (.next/server/chunks/8280.js:1:42595)
    at aB (.next/server/chunks/8280.js:1:42647)
    at <unknown> (.next/server/chunks/8280.js:1:132258)
    at <unknown> (.next/server/chunks/8280.js:1:132290)
    at <unknown> (.next/server/chunks/8280.js:1:132397)
    at <unknown> (.next/server/chunks/8280.js:1:71383)
    at async Module.g (.next/server/app/[locale]/forgot-password/page.js:2:8394) {
  code: 'MISSING_MESSAGE',
  originalMessage: 'auth.forgotPassword (en)'
}
Error fetching current user: Error: Dynamic server usage: Route /[locale]/dashboard/customer/bookings couldn't be rendered statically because it used `headers`. See more info here: https://nextjs.org/docs/messages/dynamic-server-error
    at r (.next/server/chunks/2073.js:19:11054)
    at m (.next/server/chunks/4999.js:1:4347)
    at f (.next/server/chunks/8261.js:11:6404)
    at async y (.next/server/chunks/8261.js:11:2933)
    at async f (.next/server/app/[locale]/dashboard/customer/bookings/page.js:1:52659)
    at async k (.next/server/app/[locale]/dashboard/customer/bookings/page.js:1:74125) {
  description: "Route /[locale]/dashboard/customer/bookings couldn't be rendered statically because it used `headers`. See more info here: https://nextjs.org/docs/messages/dynamic-server-error",
  digest: 'DYNAMIC_SERVER_USAGE'
}
Error fetching current user: Error: Dynamic server usage: Route /[locale]/dashboard/corporate/contracts couldn't be rendered statically because it used `headers`. See more info here: https://nextjs.org/docs/messages/dynamic-server-error
    at r (.next/server/chunks/2073.js:19:11054)
    at m (.next/server/chunks/4999.js:1:4347)
    at f (.next/server/chunks/8261.js:11:6404)
    at async y (.next/server/chunks/8261.js:11:2933)
    at async f (.next/server/app/[locale]/dashboard/customer/bookings/page.js:1:52659)
    at async g (.next/server/app/[locale]/dashboard/corporate/contracts/page.js:2:7702) {
  description: "Route /[locale]/dashboard/corporate/contracts couldn't be rendered statically because it used `headers`. See more info here: https://nextjs.org/docs/messages/dynamic-server-error",
  digest: 'DYNAMIC_SERVER_USAGE'
}
Error fetching current user: Error: Dynamic server usage: Route /[locale]/dashboard/corporate/profile couldn't be rendered statically because it used `headers`. See more info here: https://nextjs.org/docs/messages/dynamic-server-error
    at r (.next/server/chunks/2073.js:19:11054)
    at m (.next/server/chunks/4999.js:1:4347)
    at f (.next/server/chunks/8261.js:11:6404)
    at async y (.next/server/chunks/8261.js:11:2933)
    at async f (.next/server/app/[locale]/dashboard/customer/bookings/page.js:1:52659)
    at async g (.next/server/app/[locale]/dashboard/corporate/profile/page.js:1:790) {
  description: "Route /[locale]/dashboard/corporate/profile couldn't be rendered statically because it used `headers`. See more info here: https://nextjs.org/docs/messages/dynamic-server-error",
  digest: 'DYNAMIC_SERVER_USAGE'
}
Error fetching current user: Error: Dynamic server usage: Route /[locale]/dashboard/corporate/contracts couldn't be rendered statically because it used `headers`. See more info here: https://nextjs.org/docs/messages/dynamic-server-error
    at r (.next/server/chunks/2073.js:19:11054)
    at m (.next/server/chunks/4999.js:1:4347)
    at f (.next/server/chunks/8261.js:11:6404)
    at async y (.next/server/chunks/8261.js:11:2933)
    at async f (.next/server/app/[locale]/dashboard/customer/bookings/page.js:1:52659)
    at async g (.next/server/app/[locale]/dashboard/corporate/contracts/page.js:2:7702) {
  description: "Route /[locale]/dashboard/corporate/contracts couldn't be rendered statically because it used `headers`. See more info here: https://nextjs.org/docs/messages/dynamic-server-error",
  digest: 'DYNAMIC_SERVER_USAGE'
}
Error fetching current user: Error: Dynamic server usage: Route /[locale]/dashboard/corporate/bookings couldn't be rendered statically because it used `headers`. See more info here: https://nextjs.org/docs/messages/dynamic-server-error
    at r (.next/server/chunks/2073.js:19:11054)
    at m (.next/server/chunks/4999.js:1:4347)
    at f (.next/server/chunks/8261.js:11:6404)
    at async y (.next/server/chunks/8261.js:11:2933)
    at async f (.next/server/app/[locale]/dashboard/customer/bookings/page.js:1:52659)
    at async g (.next/server/app/[locale]/dashboard/corporate/bookings/page.js:1:285) {
  description: "Route /[locale]/dashboard/corporate/bookings couldn't be rendered statically because it used `headers`. See more info here: https://nextjs.org/docs/messages/dynamic-server-error",
  digest: 'DYNAMIC_SERVER_USAGE'
}
Error fetching current user: Error: Dynamic server usage: Route /[locale]/dashboard/corporate/profile couldn't be rendered statically because it used `headers`. See more info here: https://nextjs.org/docs/messages/dynamic-server-error
    at r (.next/server/chunks/2073.js:19:11054)
    at m (.next/server/chunks/4999.js:1:4347)
    at f (.next/server/chunks/8261.js:11:6404)
    at async y (.next/server/chunks/8261.js:11:2933)
    at async f (.next/server/app/[locale]/dashboard/customer/bookings/page.js:1:52659)
    at async g (.next/server/app/[locale]/dashboard/corporate/profile/page.js:1:790) {
  description: "Route /[locale]/dashboard/corporate/profile couldn't be rendered statically because it used `headers`. See more info here: https://nextjs.org/docs/messages/dynamic-server-error",
  digest: 'DYNAMIC_SERVER_USAGE'
}
Error fetching current user: Error: Dynamic server usage: Route /[locale]/dashboard/customer/bookings couldn't be rendered statically because it used `headers`. See more info here: https://nextjs.org/docs/messages/dynamic-server-error
    at r (.next/server/chunks/2073.js:19:11054)
    at m (.next/server/chunks/4999.js:1:4347)
    at f (.next/server/chunks/8261.js:11:6404)
    at async y (.next/server/chunks/8261.js:11:2933)
    at async f (.next/server/app/[locale]/dashboard/customer/bookings/page.js:1:52659)
    at async k (.next/server/app/[locale]/dashboard/customer/bookings/page.js:1:74125) {
  description: "Route /[locale]/dashboard/customer/bookings couldn't be rendered statically because it used `headers`. See more info here: https://nextjs.org/docs/messages/dynamic-server-error",
  digest: 'DYNAMIC_SERVER_USAGE'
}
Error: MISSING_MESSAGE: dashboard.customer.bookings (th)
    at <unknown> (.next/server/chunks/8280.js:1:42595)
    at aB (.next/server/chunks/8280.js:1:42647)
    at <unknown> (.next/server/chunks/8280.js:1:132258)
    at <unknown> (.next/server/chunks/8280.js:1:132290)
    at <unknown> (.next/server/chunks/8280.js:1:132397)
    at <unknown> (.next/server/chunks/8280.js:1:71383)
    at async Module.j (.next/server/app/[locale]/dashboard/customer/bookings/page.js:1:73933) {
  code: 'MISSING_MESSAGE',
  originalMessage: 'dashboard.customer.bookings (th)'
}
   Generating static pages (68/136) 
Error: MISSING_MESSAGE: auth.forgotPassword (th)
    at <unknown> (.next/server/chunks/8280.js:1:42595)
    at aB (.next/server/chunks/8280.js:1:42647)
    at <unknown> (.next/server/chunks/8280.js:1:132258)
    at <unknown> (.next/server/chunks/8280.js:1:132290)
    at <unknown> (.next/server/chunks/8280.js:1:132397)
    at <unknown> (.next/server/chunks/8280.js:1:71383)
    at async Module.g (.next/server/app/[locale]/forgot-password/page.js:2:8394) {
  code: 'MISSING_MESSAGE',
  originalMessage: 'auth.forgotPassword (th)'
}
Error fetching current user: Error: Dynamic server usage: Route /[locale]/dashboard/admin couldn't be rendered statically because it used `headers`. See more info here: https://nextjs.org/docs/messages/dynamic-server-error
    at r (.next/server/chunks/2073.js:19:11054)
    at m (.next/server/chunks/4999.js:1:4347)
    at f (.next/server/chunks/8261.js:11:6404)
    at async y (.next/server/chunks/8261.js:11:2933)
    at async f (.next/server/app/[locale]/dashboard/admin/page.js:2:8943)
    at async h (.next/server/app/[locale]/dashboard/admin/page.js:2:9888) {
  description: "Route /[locale]/dashboard/admin couldn't be rendered statically because it used `headers`. See more info here: https://nextjs.org/docs/messages/dynamic-server-error",
  digest: 'DYNAMIC_SERVER_USAGE'
}
Error fetching current user: Error: Dynamic server usage: Route /[locale]/dashboard/admin/artists couldn't be rendered statically because it used `headers`. See more info here: https://nextjs.org/docs/messages/dynamic-server-error
    at r (.next/server/chunks/2073.js:19:11054)
    at m (.next/server/chunks/4999.js:1:4347)
    at f (.next/server/chunks/8261.js:11:6404)
    at async y (.next/server/chunks/8261.js:11:2933)
    at async f (.next/server/app/[locale]/dashboard/admin/page.js:2:8943)
    at async g (.next/server/app/[locale]/dashboard/admin/artists/page.js:2:9129) {
  description: "Route /[locale]/dashboard/admin/artists couldn't be rendered statically because it used `headers`. See more info here: https://nextjs.org/docs/messages/dynamic-server-error",
  digest: 'DYNAMIC_SERVER_USAGE'
}
Error fetching current user: Error: Dynamic server usage: Route /[locale]/dashboard/admin/artists couldn't be rendered statically because it used `headers`. See more info here: https://nextjs.org/docs/messages/dynamic-server-error
    at r (.next/server/chunks/2073.js:19:11054)
    at m (.next/server/chunks/4999.js:1:4347)
    at f (.next/server/chunks/8261.js:11:6404)
    at async y (.next/server/chunks/8261.js:11:2933)
    at async f (.next/server/app/[locale]/dashboard/admin/page.js:2:8943)
    at async g (.next/server/app/[locale]/dashboard/admin/artists/page.js:2:9129) {
  description: "Route /[locale]/dashboard/admin/artists couldn't be rendered statically because it used `headers`. See more info here: https://nextjs.org/docs/messages/dynamic-server-error",
  digest: 'DYNAMIC_SERVER_USAGE'
}
Error fetching current user: Error: Dynamic server usage: Route /[locale]/dashboard/admin couldn't be rendered statically because it used `headers`. See more info here: https://nextjs.org/docs/messages/dynamic-server-error
    at r (.next/server/chunks/2073.js:19:11054)
    at m (.next/server/chunks/4999.js:1:4347)
    at f (.next/server/chunks/8261.js:11:6404)
    at async y (.next/server/chunks/8261.js:11:2933)
    at async f (.next/server/app/[locale]/dashboard/admin/page.js:2:8943)
    at async h (.next/server/app/[locale]/dashboard/admin/page.js:2:9888) {
  description: "Route /[locale]/dashboard/admin couldn't be rendered statically because it used `headers`. See more info here: https://nextjs.org/docs/messages/dynamic-server-error",
  digest: 'DYNAMIC_SERVER_USAGE'
}
Error fetching current user: Error: Dynamic server usage: Route /[locale]/dashboard/artist/media couldn't be rendered statically because it used `headers`. See more info here: https://nextjs.org/docs/messages/dynamic-server-error
    at r (.next/server/chunks/2073.js:19:11054)
    at m (.next/server/chunks/4999.js:1:4347)
    at f (.next/server/chunks/8261.js:11:6404)
    at async y (.next/server/chunks/8261.js:11:2933)
    at async f (.next/server/chunks/1616.js:1:222)
    at async h (.next/server/app/[locale]/dashboard/artist/media/page.js:28:9070) {
  description: "Route /[locale]/dashboard/artist/media couldn't be rendered statically because it used `headers`. See more info here: https://nextjs.org/docs/messages/dynamic-server-error",
  digest: 'DYNAMIC_SERVER_USAGE'
}
Error fetching current user: Error: Dynamic server usage: Route /[locale]/dashboard/artist/bookings couldn't be rendered statically because it used `headers`. See more info here: https://nextjs.org/docs/messages/dynamic-server-error
    at r (.next/server/chunks/2073.js:19:11054)
    at m (.next/server/chunks/4999.js:1:4347)
    at f (.next/server/chunks/8261.js:11:6404)
    at async y (.next/server/chunks/8261.js:11:2933)
    at async f (.next/server/chunks/1616.js:1:222)
    at async i (.next/server/app/[locale]/dashboard/artist/bookings/page.js:9:2627) {
  description: "Route /[locale]/dashboard/artist/bookings couldn't be rendered statically because it used `headers`. See more info here: https://nextjs.org/docs/messages/dynamic-server-error",
  digest: 'DYNAMIC_SERVER_USAGE'
}
Error fetching current user: Error: Dynamic server usage: Route /[locale]/dashboard/artist/bookings couldn't be rendered statically because it used `headers`. See more info here: https://nextjs.org/docs/messages/dynamic-server-error
    at r (.next/server/chunks/2073.js:19:11054)
    at m (.next/server/chunks/4999.js:1:4347)
    at f (.next/server/chunks/8261.js:11:6404)
    at async y (.next/server/chunks/8261.js:11:2933)
    at async f (.next/server/chunks/1616.js:1:222)
    at async i (.next/server/app/[locale]/dashboard/artist/bookings/page.js:9:2627) {
  description: "Route /[locale]/dashboard/artist/bookings couldn't be rendered statically because it used `headers`. See more info here: https://nextjs.org/docs/messages/dynamic-server-error",
  digest: 'DYNAMIC_SERVER_USAGE'
}
Error fetching current user: Error: Dynamic server usage: Route /[locale]/dashboard/artist/media couldn't be rendered statically because it used `headers`. See more info here: https://nextjs.org/docs/messages/dynamic-server-error
    at r (.next/server/chunks/2073.js:19:11054)
    at m (.next/server/chunks/4999.js:1:4347)
    at f (.next/server/chunks/8261.js:11:6404)
    at async y (.next/server/chunks/8261.js:11:2933)
    at async f (.next/server/chunks/1616.js:1:222)
    at async h (.next/server/app/[locale]/dashboard/artist/media/page.js:28:9070) {
  description: "Route /[locale]/dashboard/artist/media couldn't be rendered statically because it used `headers`. See more info here: https://nextjs.org/docs/messages/dynamic-server-error",
  digest: 'DYNAMIC_SERVER_USAGE'
}
Error fetching current user: Error: Dynamic server usage: Route /[locale]/dashboard/customer couldn't be rendered statically because it used `headers`. See more info here: https://nextjs.org/docs/messages/dynamic-server-error
    at r (.next/server/chunks/2073.js:19:11054)
    at m (.next/server/chunks/4999.js:1:4347)
    at f (.next/server/chunks/8261.js:11:6404)
    at async y (.next/server/chunks/8261.js:11:2933)
    at async f (.next/server/app/[locale]/dashboard/customer/bookings/page.js:1:52659)
    at async k (.next/server/app/[locale]/dashboard/customer/page.js:1:10613) {
  description: "Route /[locale]/dashboard/customer couldn't be rendered statically because it used `headers`. See more info here: https://nextjs.org/docs/messages/dynamic-server-error",
  digest: 'DYNAMIC_SERVER_USAGE'
}
Error: MISSING_MESSAGE: dashboard.customer (th)
    at <unknown> (.next/server/chunks/8280.js:1:42595)
    at aB (.next/server/chunks/8280.js:1:42647)
    at <unknown> (.next/server/chunks/8280.js:1:132258)
    at <unknown> (.next/server/chunks/8280.js:1:132290)
    at <unknown> (.next/server/chunks/8280.js:1:132397)
    at <unknown> (.next/server/chunks/8280.js:1:71383)
    at async Module.j (.next/server/app/[locale]/dashboard/customer/page.js:1:10430) {
  code: 'MISSING_MESSAGE',
  originalMessage: 'dashboard.customer (th)'
}
Error fetching current user: Error: Dynamic server usage: Route /[locale]/dashboard/customer couldn't be rendered statically because it used `headers`. See more info here: https://nextjs.org/docs/messages/dynamic-server-error
    at r (.next/server/chunks/2073.js:19:11054)
    at m (.next/server/chunks/4999.js:1:4347)
    at f (.next/server/chunks/8261.js:11:6404)
    at async y (.next/server/chunks/8261.js:11:2933)
    at async f (.next/server/app/[locale]/dashboard/customer/bookings/page.js:1:52659)
    at async k (.next/server/app/[locale]/dashboard/customer/page.js:1:10613) {
  description: "Route /[locale]/dashboard/customer couldn't be rendered statically because it used `headers`. See more info here: https://nextjs.org/docs/messages/dynamic-server-error",
  digest: 'DYNAMIC_SERVER_USAGE'
}
Error fetching current user: Error: Dynamic server usage: Route /[locale]/dashboard/customer/profile couldn't be rendered statically because it used `headers`. See more info here: https://nextjs.org/docs/messages/dynamic-server-error
    at r (.next/server/chunks/2073.js:19:11054)
    at m (.next/server/chunks/4999.js:1:4347)
    at f (.next/server/chunks/8261.js:11:6404)
    at async y (.next/server/chunks/8261.js:11:2933)
    at async f (.next/server/app/[locale]/dashboard/customer/bookings/page.js:1:52659)
    at async k (.next/server/app/[locale]/dashboard/customer/profile/page.js:2:8127) {
  description: "Route /[locale]/dashboard/customer/profile couldn't be rendered statically because it used `headers`. See more info here: https://nextjs.org/docs/messages/dynamic-server-error",
  digest: 'DYNAMIC_SERVER_USAGE'
}
Error fetching current user: Error: Dynamic server usage: Route /[locale]/dashboard/customer/profile couldn't be rendered statically because it used `headers`. See more info here: https://nextjs.org/docs/messages/dynamic-server-error
    at r (.next/server/chunks/2073.js:19:11054)
    at m (.next/server/chunks/4999.js:1:4347)
    at f (.next/server/chunks/8261.js:11:6404)
    at async y (.next/server/chunks/8261.js:11:2933)
    at async f (.next/server/app/[locale]/dashboard/customer/bookings/page.js:1:52659)
    at async k (.next/server/app/[locale]/dashboard/customer/profile/page.js:2:8127) {
  description: "Route /[locale]/dashboard/customer/profile couldn't be rendered statically because it used `headers`. See more info here: https://nextjs.org/docs/messages/dynamic-server-error",
  digest: 'DYNAMIC_SERVER_USAGE'
}
Error: MISSING_MESSAGE: dashboard.customer.profile (th)
    at <unknown> (.next/server/chunks/8280.js:1:42595)
    at aB (.next/server/chunks/8280.js:1:42647)
    at <unknown> (.next/server/chunks/8280.js:1:132258)
    at <unknown> (.next/server/chunks/8280.js:1:132290)
    at <unknown> (.next/server/chunks/8280.js:1:132397)
    at <unknown> (.next/server/chunks/8280.js:1:71383)
    at async Module.j (.next/server/app/[locale]/dashboard/customer/profile/page.js:2:7936) {
  code: 'MISSING_MESSAGE',
  originalMessage: 'dashboard.customer.profile (th)'
}
Error fetching current user: Error: Dynamic server usage: Route /[locale]/dashboard/corporate couldn't be rendered statically because it used `headers`. See more info here: https://nextjs.org/docs/messages/dynamic-server-error
    at r (.next/server/chunks/2073.js:19:11054)
    at m (.next/server/chunks/4999.js:1:4347)
    at f (.next/server/chunks/8261.js:11:6404)
    at async y (.next/server/chunks/8261.js:11:2933)
    at async f (.next/server/app/[locale]/dashboard/customer/bookings/page.js:1:52659)
    at async k (.next/server/app/[locale]/dashboard/corporate/page.js:2:7818) {
  description: "Route /[locale]/dashboard/corporate couldn't be rendered statically because it used `headers`. See more info here: https://nextjs.org/docs/messages/dynamic-server-error",
  digest: 'DYNAMIC_SERVER_USAGE'
}
Error: MISSING_MESSAGE: dashboard.corporate (th)
    at <unknown> (.next/server/chunks/8280.js:1:42595)
    at aB (.next/server/chunks/8280.js:1:42647)
    at <unknown> (.next/server/chunks/8280.js:1:132258)
    at <unknown> (.next/server/chunks/8280.js:1:132290)
    at <unknown> (.next/server/chunks/8280.js:1:132397)
    at <unknown> (.next/server/chunks/8280.js:1:71383)
    at async Module.j (.next/server/app/[locale]/dashboard/corporate/page.js:2:7634) {
  code: 'MISSING_MESSAGE',
  originalMessage: 'dashboard.corporate (th)'
}
Error fetching current user: Error: Dynamic server usage: Route /[locale]/dashboard/corporate couldn't be rendered statically because it used `headers`. See more info here: https://nextjs.org/docs/messages/dynamic-server-error
    at r (.next/server/chunks/2073.js:19:11054)
    at m (.next/server/chunks/4999.js:1:4347)
    at f (.next/server/chunks/8261.js:11:6404)
    at async y (.next/server/chunks/8261.js:11:2933)
    at async f (.next/server/app/[locale]/dashboard/customer/bookings/page.js:1:52659)
    at async k (.next/server/app/[locale]/dashboard/corporate/page.js:2:7818) {
  description: "Route /[locale]/dashboard/corporate couldn't be rendered statically because it used `headers`. See more info here: https://nextjs.org/docs/messages/dynamic-server-error",
  digest: 'DYNAMIC_SERVER_USAGE'
}
Error: MISSING_MESSAGE: dashboard.corporate (en)
    at <unknown> (.next/server/chunks/8280.js:1:42595)
    at aB (.next/server/chunks/8280.js:1:42647)
    at <unknown> (.next/server/chunks/8280.js:1:132258)
    at <unknown> (.next/server/chunks/8280.js:1:132290)
    at <unknown> (.next/server/chunks/8280.js:1:132397)
    at <unknown> (.next/server/chunks/8280.js:1:71383)
    at async Module.j (.next/server/app/[locale]/dashboard/corporate/page.js:2:7634) {
  code: 'MISSING_MESSAGE',
  originalMessage: 'dashboard.corporate (en)'
}
Error fetching current user: Error: Dynamic server usage: Route /[locale]/dashboard/artist/availability couldn't be rendered statically because it used `headers`. See more info here: https://nextjs.org/docs/messages/dynamic-server-error
    at r (.next/server/chunks/2073.js:19:11054)
    at m (.next/server/chunks/4999.js:1:4347)
    at f (.next/server/chunks/8261.js:11:6404)
    at async y (.next/server/chunks/8261.js:11:2933)
    at async f (.next/server/chunks/1616.js:1:222)
    at async h (.next/server/app/[locale]/dashboard/artist/availability/page.js:8:65438) {
  description: "Route /[locale]/dashboard/artist/availability couldn't be rendered statically because it used `headers`. See more info here: https://nextjs.org/docs/messages/dynamic-server-error",
  digest: 'DYNAMIC_SERVER_USAGE'
}
Error fetching current user: Error: Dynamic server usage: Route /[locale]/dashboard/artist/reviews couldn't be rendered statically because it used `headers`. See more info here: https://nextjs.org/docs/messages/dynamic-server-error
    at r (.next/server/chunks/2073.js:19:11054)
    at m (.next/server/chunks/4999.js:1:4347)
    at f (.next/server/chunks/8261.js:11:6404)
    at async y (.next/server/chunks/8261.js:11:2933)
    at async f (.next/server/chunks/1616.js:1:222)
    at async h (.next/server/app/[locale]/dashboard/artist/reviews/page.js:8:15351) {
  description: "Route /[locale]/dashboard/artist/reviews couldn't be rendered statically because it used `headers`. See more info here: https://nextjs.org/docs/messages/dynamic-server-error",
  digest: 'DYNAMIC_SERVER_USAGE'
}
Error fetching current user: Error: Dynamic server usage: Route /[locale]/dashboard/artist/availability couldn't be rendered statically because it used `headers`. See more info here: https://nextjs.org/docs/messages/dynamic-server-error
    at r (.next/server/chunks/2073.js:19:11054)
    at m (.next/server/chunks/4999.js:1:4347)
    at f (.next/server/chunks/8261.js:11:6404)
    at async y (.next/server/chunks/8261.js:11:2933)
    at async f (.next/server/chunks/1616.js:1:222)
    at async h (.next/server/app/[locale]/dashboard/artist/availability/page.js:8:65438) {
  description: "Route /[locale]/dashboard/artist/availability couldn't be rendered statically because it used `headers`. See more info here: https://nextjs.org/docs/messages/dynamic-server-error",
  digest: 'DYNAMIC_SERVER_USAGE'
}
Error fetching current user: Error: Dynamic server usage: Route /[locale]/dashboard/artist/reviews couldn't be rendered statically because it used `headers`. See more info here: https://nextjs.org/docs/messages/dynamic-server-error
    at r (.next/server/chunks/2073.js:19:11054)
    at m (.next/server/chunks/4999.js:1:4347)
    at f (.next/server/chunks/8261.js:11:6404)
    at async y (.next/server/chunks/8261.js:11:2933)
    at async f (.next/server/chunks/1616.js:1:222)
    at async h (.next/server/app/[locale]/dashboard/artist/reviews/page.js:8:15351) {
  description: "Route /[locale]/dashboard/artist/reviews couldn't be rendered statically because it used `headers`. See more info here: https://nextjs.org/docs/messages/dynamic-server-error",
  digest: 'DYNAMIC_SERVER_USAGE'
}
   Generating static pages (102/136) 
Error fetching current user: Error: Dynamic server usage: Route /[locale]/dashboard/admin/applications couldn't be rendered statically because it used `headers`. See more info here: https://nextjs.org/docs/messages/dynamic-server-error
    at r (.next/server/chunks/2073.js:19:11054)
    at m (.next/server/chunks/4999.js:1:4347)
    at f (.next/server/chunks/8261.js:11:6404)
    at async y (.next/server/chunks/8261.js:11:2933)
    at async f (.next/server/app/[locale]/dashboard/admin/page.js:2:8943)
    at async i (.next/server/app/[locale]/dashboard/admin/applications/page.js:14:7510) {
  description: "Route /[locale]/dashboard/admin/applications couldn't be rendered statically because it used `headers`. See more info here: https://nextjs.org/docs/messages/dynamic-server-error",
  digest: 'DYNAMIC_SERVER_USAGE'
}
Error fetching current user: Error: Dynamic server usage: Route /[locale]/dashboard/admin/applications couldn't be rendered statically because it used `headers`. See more info here: https://nextjs.org/docs/messages/dynamic-server-error
    at r (.next/server/chunks/2073.js:19:11054)
    at m (.next/server/chunks/4999.js:1:4347)
    at f (.next/server/chunks/8261.js:11:6404)
    at async y (.next/server/chunks/8261.js:11:2933)
    at async f (.next/server/app/[locale]/dashboard/admin/page.js:2:8943)
    at async i (.next/server/app/[locale]/dashboard/admin/applications/page.js:14:7510) {
  description: "Route /[locale]/dashboard/admin/applications couldn't be rendered statically because it used `headers`. See more info here: https://nextjs.org/docs/messages/dynamic-server-error",
  digest: 'DYNAMIC_SERVER_USAGE'
}
Error fetching current user: Error: Dynamic server usage: Route /[locale]/dashboard/artist/analytics couldn't be rendered statically because it used `headers`. See more info here: https://nextjs.org/docs/messages/dynamic-server-error
    at r (.next/server/chunks/2073.js:19:11054)
    at m (.next/server/chunks/4999.js:1:4347)
    at f (.next/server/chunks/8261.js:11:6404)
    at async y (.next/server/chunks/8261.js:11:2933)
    at async f (.next/server/app/[locale]/dashboard/admin/page.js:2:8943)
    at async h (.next/server/app/[locale]/dashboard/artist/analytics/page.js:9:21316) {
  description: "Route /[locale]/dashboard/artist/analytics couldn't be rendered statically because it used `headers`. See more info here: https://nextjs.org/docs/messages/dynamic-server-error",
  digest: 'DYNAMIC_SERVER_USAGE'
}
Error fetching current user: Error: Dynamic server usage: Route /[locale]/dashboard/artist/analytics couldn't be rendered statically because it used `headers`. See more info here: https://nextjs.org/docs/messages/dynamic-server-error
    at r (.next/server/chunks/2073.js:19:11054)
    at m (.next/server/chunks/4999.js:1:4347)
    at f (.next/server/chunks/8261.js:11:6404)
    at async y (.next/server/chunks/8261.js:11:2933)
    at async f (.next/server/app/[locale]/dashboard/admin/page.js:2:8943)
    at async h (.next/server/app/[locale]/dashboard/artist/analytics/page.js:9:21316) {
  description: "Route /[locale]/dashboard/artist/analytics couldn't be rendered statically because it used `headers`. See more info here: https://nextjs.org/docs/messages/dynamic-server-error",
  digest: 'DYNAMIC_SERVER_USAGE'
}
Error fetching current user: Error: Dynamic server usage: Route /[locale]/bookings couldn't be rendered statically because it used `headers`. See more info here: https://nextjs.org/docs/messages/dynamic-server-error
    at r (.next/server/chunks/2073.js:19:11054)
    at m (.next/server/chunks/4999.js:1:4347)
    at f (.next/server/chunks/8261.js:11:6404)
    at async y (.next/server/chunks/8261.js:11:2933)
    at async f (.next/server/app/api/upload/delete/route.js:1:1990)
    at async j (.next/server/app/[locale]/bookings/page.js:2:7644) {
  description: "Route /[locale]/bookings couldn't be rendered statically because it used `headers`. See more info here: https://nextjs.org/docs/messages/dynamic-server-error",
  digest: 'DYNAMIC_SERVER_USAGE'
}
Error fetching current user: Error: Dynamic server usage: Route /[locale]/bookings couldn't be rendered statically because it used `headers`. See more info here: https://nextjs.org/docs/messages/dynamic-server-error
    at r (.next/server/chunks/2073.js:19:11054)
    at m (.next/server/chunks/4999.js:1:4347)
    at f (.next/server/chunks/8261.js:11:6404)
    at async y (.next/server/chunks/8261.js:11:2933)
    at async f (.next/server/app/api/upload/delete/route.js:1:1990)
    at async j (.next/server/app/[locale]/bookings/page.js:2:7644) {
  description: "Route /[locale]/bookings couldn't be rendered statically because it used `headers`. See more info here: https://nextjs.org/docs/messages/dynamic-server-error",
  digest: 'DYNAMIC_SERVER_USAGE'
}
Error fetching current user: Error: Dynamic server usage: Route /[locale]/dashboard/admin/reports couldn't be rendered statically because it used `headers`. See more info here: https://nextjs.org/docs/messages/dynamic-server-error
    at r (.next/server/chunks/2073.js:19:11054)
    at m (.next/server/chunks/4999.js:1:4347)
    at f (.next/server/chunks/8261.js:11:6404)
    at async y (.next/server/chunks/8261.js:11:2933)
    at async f (.next/server/app/api/upload/delete/route.js:1:1990)
    at async g (.next/server/app/[locale]/dashboard/admin/reports/page.js:2:9085) {
  description: "Route /[locale]/dashboard/admin/reports couldn't be rendered statically because it used `headers`. See more info here: https://nextjs.org/docs/messages/dynamic-server-error",
  digest: 'DYNAMIC_SERVER_USAGE'
}
Error fetching current user: Error: Dynamic server usage: Route /[locale]/dashboard/admin/bookings couldn't be rendered statically because it used `headers`. See more info here: https://nextjs.org/docs/messages/dynamic-server-error
    at r (.next/server/chunks/2073.js:19:11054)
    at m (.next/server/chunks/4999.js:1:4347)
    at f (.next/server/chunks/8261.js:11:6404)
    at async y (.next/server/chunks/8261.js:11:2933)
    at async f (.next/server/app/api/upload/delete/route.js:1:1990)
    at async h (.next/server/app/[locale]/dashboard/admin/bookings/page.js:1:13404) {
  description: "Route /[locale]/dashboard/admin/bookings couldn't be rendered statically because it used `headers`. See more info here: https://nextjs.org/docs/messages/dynamic-server-error",
  digest: 'DYNAMIC_SERVER_USAGE'
}
Error fetching current user: Error: Dynamic server usage: Route /[locale]/dashboard/admin/reports couldn't be rendered statically because it used `headers`. See more info here: https://nextjs.org/docs/messages/dynamic-server-error
    at r (.next/server/chunks/2073.js:19:11054)
    at m (.next/server/chunks/4999.js:1:4347)
    at f (.next/server/chunks/8261.js:11:6404)
    at async y (.next/server/chunks/8261.js:11:2933)
    at async f (.next/server/app/api/upload/delete/route.js:1:1990)
    at async g (.next/server/app/[locale]/dashboard/admin/reports/page.js:2:9085) {
  description: "Route /[locale]/dashboard/admin/reports couldn't be rendered statically because it used `headers`. See more info here: https://nextjs.org/docs/messages/dynamic-server-error",
  digest: 'DYNAMIC_SERVER_USAGE'
}
Error fetching current user: Error: Dynamic server usage: Route /[locale]/dashboard/admin/bookings couldn't be rendered statically because it used `headers`. See more info here: https://nextjs.org/docs/messages/dynamic-server-error
    at r (.next/server/chunks/2073.js:19:11054)
    at m (.next/server/chunks/4999.js:1:4347)
    at f (.next/server/chunks/8261.js:11:6404)
    at async y (.next/server/chunks/8261.js:11:2933)
    at async f (.next/server/app/api/upload/delete/route.js:1:1990)
    at async h (.next/server/app/[locale]/dashboard/admin/bookings/page.js:1:13404) {
  description: "Route /[locale]/dashboard/admin/bookings couldn't be rendered statically because it used `headers`. See more info here: https://nextjs.org/docs/messages/dynamic-server-error",
  digest: 'DYNAMIC_SERVER_USAGE'
}
Error fetching current user: Error: Dynamic server usage: Route /[locale]/dashboard couldn't be rendered statically because it used `headers`. See more info here: https://nextjs.org/docs/messages/dynamic-server-error
    at r (.next/server/chunks/2073.js:19:11054)
    at m (.next/server/chunks/4999.js:1:4347)
    at f (.next/server/chunks/8261.js:11:6404)
    at async y (.next/server/chunks/8261.js:11:2933)
    at async f (.next/server/app/[locale]/dashboard/customer/bookings/page.js:1:52659)
    at async l (.next/server/app/[locale]/dashboard/page.js:2:7526) {
  description: "Route /[locale]/dashboard couldn't be rendered statically because it used `headers`. See more info here: https://nextjs.org/docs/messages/dynamic-server-error",
  digest: 'DYNAMIC_SERVER_USAGE'
}
Error fetching current user: Error: Dynamic server usage: Route /[locale]/dashboard couldn't be rendered statically because it used `headers`. See more info here: https://nextjs.org/docs/messages/dynamic-server-error
    at r (.next/server/chunks/2073.js:19:11054)
    at m (.next/server/chunks/4999.js:1:4347)
    at f (.next/server/chunks/8261.js:11:6404)
    at async y (.next/server/chunks/8261.js:11:2933)
    at async f (.next/server/app/[locale]/dashboard/customer/bookings/page.js:1:52659)
    at async l (.next/server/app/[locale]/dashboard/page.js:2:7526) {
  description: "Route /[locale]/dashboard couldn't be rendered statically because it used `headers`. See more info here: https://nextjs.org/docs/messages/dynamic-server-error",
  digest: 'DYNAMIC_SERVER_USAGE'
}
Error: MISSING_MESSAGE: dashboard (th)
    at <unknown> (.next/server/chunks/8280.js:1:42595)
    at aB (.next/server/chunks/8280.js:1:42647)
    at <unknown> (.next/server/chunks/8280.js:1:132258)
    at <unknown> (.next/server/chunks/8280.js:1:132290)
    at <unknown> (.next/server/chunks/8280.js:1:132397)
    at <unknown> (.next/server/chunks/8280.js:1:71383)
    at async l (.next/server/app/[locale]/dashboard/page.js:2:7550) {
  code: 'MISSING_MESSAGE',
  originalMessage: 'dashboard (th)'
}
Error fetching current user: Error: Dynamic server usage: Route /[locale]/favorites couldn't be rendered statically because it used `headers`. See more info here: https://nextjs.org/docs/messages/dynamic-server-error
    at r (.next/server/chunks/2073.js:19:11054)
    at m (.next/server/chunks/4999.js:1:4347)
    at f (.next/server/chunks/8261.js:11:6404)
    at async y (.next/server/chunks/8261.js:11:2933)
    at async f (.next/server/app/[locale]/dashboard/customer/bookings/page.js:1:52659)
    at async k (.next/server/app/[locale]/favorites/page.js:2:7704) {
  description: "Route /[locale]/favorites couldn't be rendered statically because it used `headers`. See more info here: https://nextjs.org/docs/messages/dynamic-server-error",
  digest: 'DYNAMIC_SERVER_USAGE'
}
Error: MISSING_MESSAGE: favorites (en)
    at <unknown> (.next/server/chunks/8280.js:1:42595)
    at aB (.next/server/chunks/8280.js:1:42647)
    at <unknown> (.next/server/chunks/8280.js:1:132258)
    at <unknown> (.next/server/chunks/8280.js:1:132290)
    at <unknown> (.next/server/chunks/8280.js:1:132397)
    at <unknown> (.next/server/chunks/8280.js:1:71383)
    at async Module.j (.next/server/app/[locale]/favorites/page.js:2:7530) {
  code: 'MISSING_MESSAGE',
  originalMessage: 'favorites (en)'
}
Error fetching current user: Error: Dynamic server usage: Route /[locale]/dashboard/admin/users couldn't be rendered statically because it used `headers`. See more info here: https://nextjs.org/docs/messages/dynamic-server-error
    at r (.next/server/chunks/2073.js:19:11054)
    at m (.next/server/chunks/4999.js:1:4347)
    at f (.next/server/chunks/8261.js:11:6404)
    at async y (.next/server/chunks/8261.js:11:2933)
    at async f (.next/server/app/api/upload/delete/route.js:1:1990)
    at async h (.next/server/app/[locale]/dashboard/admin/users/page.js:2:8123) {
  description: "Route /[locale]/dashboard/admin/users couldn't be rendered statically because it used `headers`. See more info here: https://nextjs.org/docs/messages/dynamic-server-error",
  digest: 'DYNAMIC_SERVER_USAGE'
}
Error fetching current user: Error: Dynamic server usage: Route /[locale]/dashboard/admin/users couldn't be rendered statically because it used `headers`. See more info here: https://nextjs.org/docs/messages/dynamic-server-error
    at r (.next/server/chunks/2073.js:19:11054)
    at m (.next/server/chunks/4999.js:1:4347)
    at f (.next/server/chunks/8261.js:11:6404)
    at async y (.next/server/chunks/8261.js:11:2933)
    at async f (.next/server/app/api/upload/delete/route.js:1:1990)
    at async h (.next/server/app/[locale]/dashboard/admin/users/page.js:2:8123) {
  description: "Route /[locale]/dashboard/admin/users couldn't be rendered statically because it used `headers`. See more info here: https://nextjs.org/docs/messages/dynamic-server-error",
  digest: 'DYNAMIC_SERVER_USAGE'
}
prisma:query SELECT "public"."Artist"."id", "public"."Artist"."updatedAt", "public"."Artist"."stageName" FROM "public"."Artist" LEFT JOIN "public"."User" AS "j0" ON ("j0"."id") = ("public"."Artist"."userId") WHERE ("j0"."isActive" = $1 AND ("j0"."id" IS NOT NULL)) ORDER BY "public"."Artist"."updatedAt" DESC OFFSET $2
 ✓ Generating static pages (136/136)
   Finalizing page optimization ...
   Collecting build traces ...

Route (app)                                     Size  First Load JS
┌ ○ /_not-found                                336 B         100 kB
├ ● /[locale]                                23.4 kB         184 kB
├   ├ /en
├   └ /th
├ ● /[locale]/about                          2.35 kB         120 kB
├   ├ /en/about
├   └ /th/about
├ ● /[locale]/apply                          29.7 kB         147 kB
├   ├ /en/apply
├   └ /th/apply
├ ● /[locale]/artists                        61.1 kB         199 kB
├   ├ /en/artists
├   └ /th/artists
├ ƒ /[locale]/artists/[id]                   13.9 kB         183 kB
├ ● /[locale]/bmasia                         6.91 kB         121 kB
├   ├ /en/bmasia
├   └ /th/bmasia
├ ƒ /[locale]/book/[artistId]                9.14 kB         153 kB
├ ● /[locale]/bookings                       6.02 kB         158 kB
├   ├ /en/bookings
├   └ /th/bookings
├ ● /[locale]/contact                        9.89 kB         124 kB
├   ├ /en/contact
├   └ /th/contact
├ ● /[locale]/corporate                      8.44 kB         126 kB
├   ├ /en/corporate
├   └ /th/corporate
├ ● /[locale]/dashboard                      5.54 kB         158 kB
├   ├ /en/dashboard
├   └ /th/dashboard
├ ● /[locale]/dashboard/admin                3.65 kB         121 kB
├   ├ /en/dashboard/admin
├   └ /th/dashboard/admin
├ ● /[locale]/dashboard/admin/applications   6.33 kB         110 kB
├   ├ /en/dashboard/admin/applications
├   └ /th/dashboard/admin/applications
├ ● /[locale]/dashboard/admin/artists          336 B         100 kB
├   ├ /en/dashboard/admin/artists
├   └ /th/dashboard/admin/artists
├ ● /[locale]/dashboard/admin/bookings       4.26 kB         104 kB
├   ├ /en/dashboard/admin/bookings
├   └ /th/dashboard/admin/bookings
├ ● /[locale]/dashboard/admin/reports          336 B         100 kB
├   ├ /en/dashboard/admin/reports
├   └ /th/dashboard/admin/reports
├ ● /[locale]/dashboard/admin/users          3.36 kB         103 kB
├   ├ /en/dashboard/admin/users
├   └ /th/dashboard/admin/users
├ ● /[locale]/dashboard/artist               1.99 kB         120 kB
├   ├ /en/dashboard/artist
├   └ /th/dashboard/artist
├ ● /[locale]/dashboard/artist/analytics      2.1 kB         102 kB
├   ├ /en/dashboard/artist/analytics
├   └ /th/dashboard/artist/analytics
├ ● /[locale]/dashboard/artist/availability  20.7 kB         121 kB
├   ├ /en/dashboard/artist/availability
├   └ /th/dashboard/artist/availability
├ ● /[locale]/dashboard/artist/bookings      5.48 kB         155 kB
├   ├ /en/dashboard/artist/bookings
├   └ /th/dashboard/artist/bookings
├ ● /[locale]/dashboard/artist/media          4.4 kB         110 kB
├   ├ /en/dashboard/artist/media
├   └ /th/dashboard/artist/media
├ ● /[locale]/dashboard/artist/profile       4.29 kB         145 kB
├   ├ /en/dashboard/artist/profile
├   └ /th/dashboard/artist/profile
├ ● /[locale]/dashboard/artist/reviews       3.14 kB         103 kB
├   ├ /en/dashboard/artist/reviews
├   └ /th/dashboard/artist/reviews
├ ● /[locale]/dashboard/corporate            3.96 kB         121 kB
├   ├ /en/dashboard/corporate
├   └ /th/dashboard/corporate
├ ● /[locale]/dashboard/corporate/bookings     336 B         100 kB
├   ├ /en/dashboard/corporate/bookings
├   └ /th/dashboard/corporate/bookings
├ ● /[locale]/dashboard/corporate/contracts    336 B         100 kB
├   ├ /en/dashboard/corporate/contracts
├   └ /th/dashboard/corporate/contracts
├ ● /[locale]/dashboard/corporate/profile      336 B         100 kB
├   ├ /en/dashboard/corporate/profile
├   └ /th/dashboard/corporate/profile
├ ● /[locale]/dashboard/customer             5.37 kB         150 kB
├   ├ /en/dashboard/customer
├   └ /th/dashboard/customer
├ ● /[locale]/dashboard/customer/bookings    18.2 kB         141 kB
├   ├ /en/dashboard/customer/bookings
├   └ /th/dashboard/customer/bookings
├ ● /[locale]/dashboard/customer/profile     5.17 kB         123 kB
├   ├ /en/dashboard/customer/profile
├   └ /th/dashboard/customer/profile
├ ● /[locale]/dj-music-design                8.88 kB         123 kB
├   ├ /en/dj-music-design
├   └ /th/dj-music-design
├ ● /[locale]/faq                            4.19 kB         122 kB
├   ├ /en/faq
├   └ /th/faq
├ ● /[locale]/favorites                      3.26 kB         166 kB
├   ├ /en/favorites
├   └ /th/favorites
├ ● /[locale]/forgot-password                1.99 kB         120 kB
├   ├ /en/forgot-password
├   └ /th/forgot-password
├ ● /[locale]/how-it-works                   8.17 kB         126 kB
├   ├ /en/how-it-works
├   └ /th/how-it-works
├ ● /[locale]/how-it-works-artists           7.37 kB         125 kB
├   ├ /en/how-it-works-artists
├   └ /th/how-it-works-artists
├ ● /[locale]/inquiry-status                 5.88 kB         150 kB
├   ├ /en/inquiry-status
├   └ /th/inquiry-status
├ ● /[locale]/login                          6.46 kB         124 kB
├   ├ /en/login
├   └ /th/login
├ ● /[locale]/privacy                        2.05 kB         120 kB
├   ├ /en/privacy
├   └ /th/privacy
├ ● /[locale]/search                         4.21 kB         140 kB
├   ├ /en/search
├   └ /th/search
├ ƒ /[locale]/sign-in/[[...sign-in]]         2.37 kB         135 kB
├ ƒ /[locale]/sign-up/[[...sign-up]]         2.37 kB         135 kB
├ ● /[locale]/sso-callback                     623 B         127 kB
├   ├ /en/sso-callback
├   └ /th/sso-callback
├ ● /[locale]/terms                          2.05 kB         120 kB
├   ├ /en/terms
├   └ /th/terms
├ ƒ /api/activity                              336 B         100 kB
├ ƒ /api/admin/analytics                       336 B         100 kB
├ ƒ /api/admin/applications                    336 B         100 kB
├ ƒ /api/admin/applications/[id]               336 B         100 kB
├ ƒ /api/admin/applications/[id]/approve       336 B         100 kB
├ ƒ /api/admin/applications/[id]/reject        336 B         100 kB
├ ƒ /api/admin/artists-list                    336 B         100 kB
├ ƒ /api/admin/bookings                        336 B         100 kB
├ ƒ /api/admin/bookings-list                   336 B         100 kB
├ ƒ /api/admin/bookings/[id]                   336 B         100 kB
├ ƒ /api/admin/migrate-users                   336 B         100 kB
├ ƒ /api/admin/reminders                       336 B         100 kB
├ ƒ /api/admin/stats                           336 B         100 kB
├ ƒ /api/admin/users                           336 B         100 kB
├ ƒ /api/admin/users/[id]                      336 B         100 kB
├ ƒ /api/ai/enhance-bio                        336 B         100 kB
├ ƒ /api/applications/submit                   336 B         100 kB
├ ƒ /api/artist/availability                   336 B         100 kB
├ ƒ /api/artist/availability/blackout          336 B         100 kB
├ ƒ /api/artist/availability/recurring         336 B         100 kB
├ ƒ /api/artist/availability/templates         336 B         100 kB
├ ƒ /api/artist/inquiry-count                  336 B         100 kB
├ ƒ /api/artist/service-areas                  336 B         100 kB
├ ƒ /api/artist/social-links                   336 B         100 kB
├ ƒ /api/artist/upload                         336 B         100 kB
├ ƒ /api/artists                               336 B         100 kB
├ ƒ /api/artists/[id]                          336 B         100 kB
├ ƒ /api/artists/[id]/availability             336 B         100 kB
├ ƒ /api/artists/[id]/availability/check       336 B         100 kB
├ ƒ /api/artists/contact-views                 336 B         100 kB
├ ƒ /api/auth/[...nextauth]                    336 B         100 kB
├ ƒ /api/auth/register                         336 B         100 kB
├ ƒ /api/auth/update-role                      336 B         100 kB
├ ƒ /api/auth/verify-phone                     336 B         100 kB
├ ƒ /api/bmasia/inquiries                      336 B         100 kB
├ ƒ /api/bookings                              336 B         100 kB
├ ƒ /api/bookings/[id]                         336 B         100 kB
├ ƒ /api/bookings/[id]/complete                336 B         100 kB
├ ƒ /api/bookings/[id]/messages                336 B         100 kB
├ ƒ /api/bookings/[id]/payment                 336 B         100 kB
├ ƒ /api/bookings/[id]/status                  336 B         100 kB
├ ƒ /api/bookings/inquiry                      336 B         100 kB
├ ƒ /api/contact/submit                        336 B         100 kB
├ ƒ /api/dj-music-design/inquiries             336 B         100 kB
├ ƒ /api/documents/[id]/download               336 B         100 kB
├ ƒ /api/documents/contract/generate           336 B         100 kB
├ ƒ /api/documents/invoice/generate            336 B         100 kB
├ ƒ /api/documents/quotation/generate          336 B         100 kB
├ ƒ /api/email/preferences                     336 B         100 kB
├ ƒ /api/email/send                            336 B         100 kB
├ ƒ /api/favorites                             336 B         100 kB
├ ƒ /api/favorites/check                       336 B         100 kB
├ ƒ /api/health                                336 B         100 kB
├ ƒ /api/inquiries/quick                       336 B         100 kB
├ ƒ /api/messages/stream/[bookingId]           336 B         100 kB
├ ƒ /api/messages/typing/[bookingId]           336 B         100 kB
├ ƒ /api/notifications                         336 B         100 kB
├ ƒ /api/payments/[bookingId]                  336 B         100 kB
├ ƒ /api/payments/[bookingId]/deposit          336 B         100 kB
├ ƒ /api/payments/[bookingId]/full             336 B         100 kB
├ ƒ /api/payments/status                       336 B         100 kB
├ ƒ /api/payments/verify                       336 B         100 kB
├ ƒ /api/public/artists                        336 B         100 kB
├ ƒ /api/quotes                                336 B         100 kB
├ ƒ /api/quotes/[id]                           336 B         100 kB
├ ƒ /api/quotes/[id]/accept                    336 B         100 kB
├ ƒ /api/quotes/[id]/reject                    336 B         100 kB
├ ƒ /api/quotes/[id]/respond                   336 B         100 kB
├ ƒ /api/quotes/[id]/response                  336 B         100 kB
├ ƒ /api/reviews/[id]/response                 336 B         100 kB
├ ƒ /api/upload                                336 B         100 kB
├ ƒ /api/upload/delete                         336 B         100 kB
├ ƒ /api/upload/payment-slip                   336 B         100 kB
├ ƒ /api/user/update-role                      336 B         100 kB
├ ƒ /api/webhooks/clerk                        336 B         100 kB
├ ƒ /sign-in/[[...sign-in]]                  2.37 kB         135 kB
├ ƒ /sign-up/[[...sign-up]]                  2.37 kB         135 kB
└ ○ /sitemap.xml                               336 B         100 kB
+ First Load JS shared by all                 100 kB
  ├ chunks/4bd1b696-cc729d47eba2cee4.js      54.1 kB
  ├ chunks/5964-6d6a41800488ba64.js          43.9 kB
  └ other shared chunks (total)              2.01 kB


ƒ Middleware                                  159 kB

○  (Static)   prerendered as static content
●  (SSG)      prerendered as static HTML (uses generateStaticParams)
ƒ  (Dynamic)  server-rendered on demand

